npm warn deprecated whatwg-encoding@3.1.1: Use @exodus/bytes instead for a more spec-conformant and faster implementation
npm warn deprecated sourcemap-codec@1.4.8: Please use @jridgewell/sourcemap-codec instead
npm warn deprecated lodash.isequal@4.5.0: This package is deprecated. Use require('node:util').isDeepStrictEqual instead.
npm warn deprecated lodash.get@4.4.2: This package is deprecated. Use the optional chaining (?.) operator instead.
npm warn deprecated hast@1.0.0: Renamed to rehype
npm warn deprecated fstream@1.0.12: This package is no longer supported.
npm warn deprecated node-domexception@1.0.0: Use your platform's native DOMException instead
npm warn deprecated source-map@0.8.0-beta.0: The work that was done in this beta branch won't be included in future versions

> zattar-advogados-app@0.1.0 postinstall
> node scripts/setup/setup-pdfjs.js

✓ Diretório public/pdfjs/ criado
✓ PDF.js worker copiado para public/pdfjs/pdf.worker.min.mjs

> zattar-advogados-app@0.1.0 prepare
> husky


added 2577 packages, and audited 2578 packages in 2m

583 packages are looking for funding
  run `npm fund` for details

38 vulnerabilities (13 moderate, 25 high)

To address issues that do not require attention, run:
  npm audit fix

To address all issues (including breaking changes), run:
  npm audit fix --force

Run `npm audit` for details.
